TN:
SF:app.js
FN:1,(anonymous_0)
FNF:1
FNH:0
FNDA:0,(anonymous_0)
DA:1,1
DA:2,0
LF:2
LH:1
BRF:0
BRH:0
end_of_record
TN:
SF:index.js
FN:10,(anonymous_0)
FN:24,(anonymous_1)
FNF:2
FNH:2
FNDA:1,(anonymous_0)
FNDA:1,(anonymous_1)
DA:2,1
DA:3,1
DA:4,1
DA:8,1
DA:11,1
DA:15,1
DA:17,1
DA:18,1
DA:19,1
DA:20,1
DA:22,1
DA:23,1
DA:24,1
DA:25,1
DA:26,1
DA:27,1
LF:16
LH:16
BRF:0
BRH:0
end_of_record
TN:
SF:server.js
FN:8,(anonymous_0)
FNF:1
FNH:1
FNDA:26,(anonymous_0)
DA:3,1
DA:4,1
DA:5,1
DA:7,1
DA:8,1
DA:9,26
DA:12,1
LF:7
LH:7
BRDA:7,0,0,1
BRDA:7,0,1,1
BRF:2
BRH:2
end_of_record
TN:
SF:app/controllers/api/v1/categories.js
FN:6,(anonymous_0)
FN:7,(anonymous_1)
FN:11,(anonymous_2)
FN:17,(anonymous_3)
FN:29,(anonymous_4)
FN:42,(anonymous_5)
FNF:6
FNH:6
FNDA:1,(anonymous_0)
FNDA:1,(anonymous_1)
FNDA:1,(anonymous_2)
FNDA:2,(anonymous_3)
FNDA:2,(anonymous_4)
FNDA:1,(anonymous_5)
DA:1,1
DA:2,1
DA:3,1
DA:4,1
DA:6,1
DA:7,1
DA:8,1
DA:9,1
DA:11,1
DA:12,1
DA:15,1
DA:17,1
DA:18,2
DA:23,2
DA:24,1
DA:26,1
DA:29,1
DA:30,2
DA:31,2
DA:36,2
DA:37,1
DA:39,1
DA:42,1
DA:43,1
DA:44,1
LF:25
LH:25
BRDA:23,0,0,1
BRDA:23,0,1,1
BRDA:36,1,0,1
BRDA:36,1,1,1
BRF:4
BRH:4
end_of_record
TN:
SF:app/controllers/api/v1/posts.js
FN:6,(anonymous_0)
FN:7,(anonymous_1)
FN:15,(anonymous_2)
FN:25,(anonymous_3)
FN:35,(anonymous_4)
FN:49,(anonymous_5)
FN:67,(anonymous_6)
FNF:7
FNH:7
FNDA:1,(anonymous_0)
FNDA:1,(anonymous_1)
FNDA:2,(anonymous_2)
FNDA:2,(anonymous_3)
FNDA:2,(anonymous_4)
FNDA:1,(anonymous_5)
FNDA:1,(anonymous_6)
DA:1,1
DA:2,1
DA:3,1
DA:4,1
DA:6,1
DA:7,1
DA:8,1
DA:9,1
DA:15,1
DA:16,2
DA:22,1
DA:25,1
DA:26,2
DA:33,1
DA:35,1
DA:36,2
DA:42,2
DA:43,1
DA:45,1
DA:49,1
DA:50,1
DA:51,1
DA:63,1
DA:67,1
DA:68,1
DA:69,1
LF:26
LH:26
BRDA:42,0,0,1
BRDA:42,0,1,1
BRF:2
BRH:2
end_of_record
TN:
SF:app/controllers/api/v1/users.js
FN:5,(anonymous_0)
FN:6,(anonymous_1)
FN:16,(anonymous_2)
FN:28,(anonymous_3)
FN:42,(anonymous_4)
FN:56,(anonymous_5)
FN:65,(anonymous_6)
FN:78,(anonymous_7)
FNF:8
FNH:8
FNDA:1,(anonymous_0)
FNDA:1,(anonymous_1)
FNDA:2,(anonymous_2)
FNDA:2,(anonymous_3)
FNDA:21,(anonymous_4)
FNDA:1,(anonymous_5)
FNDA:2,(anonymous_6)
FNDA:1,(anonymous_7)
DA:1,1
DA:2,1
DA:3,1
DA:5,1
DA:6,1
DA:7,1
DA:8,1
DA:13,1
DA:16,1
DA:17,2
DA:22,2
DA:23,1
DA:25,1
DA:28,1
DA:29,2
DA:30,2
DA:35,2
DA:36,1
DA:38,1
DA:42,1
DA:43,21
DA:49,21
DA:50,20
DA:52,1
DA:56,1
DA:57,1
DA:62,1
DA:65,1
DA:66,2
DA:69,2
DA:70,1
DA:73,1
DA:74,1
DA:76,1
DA:78,1
DA:79,1
DA:80,1
LF:37
LH:37
BRDA:22,0,0,1
BRDA:22,0,1,1
BRDA:35,1,0,1
BRDA:35,1,1,1
BRDA:49,2,0,20
BRDA:49,2,1,1
BRDA:69,3,0,1
BRDA:69,3,1,1
BRF:8
BRH:8
end_of_record
TN:
SF:app/lib/auth.js
FN:5,(anonymous_0)
FN:6,(anonymous_1)
FNF:2
FNH:2
FNDA:1,(anonymous_0)
FNDA:15,(anonymous_1)
DA:1,1
DA:2,1
DA:3,1
DA:4,1
DA:5,1
DA:6,1
DA:7,15
DA:8,15
DA:9,1
DA:10,1
DA:13,14
DA:14,14
DA:15,14
DA:19,14
DA:23,14
DA:24,14
LF:16
LH:16
BRDA:8,0,0,1
BRDA:8,0,1,14
BRF:2
BRH:2
end_of_record
TN:
SF:app/lib/logger.js
FNF:0
FNH:0
DA:1,1
DA:2,1
LF:2
LH:2
BRF:0
BRH:0
end_of_record
TN:
SF:app/models/categories.js
FN:4,(anonymous_0)
FNF:1
FNH:1
FNDA:1,(anonymous_0)
DA:1,1
DA:5,1
DA:9,1
DA:45,1
LF:4
LH:4
BRF:0
BRH:0
end_of_record
TN:
SF:app/models/index.js
FN:13,(anonymous_0)
FN:16,(anonymous_1)
FN:18,(anonymous_2)
FN:20,(anonymous_3)
FN:26,(anonymous_4)
FNF:5
FNH:4
FNDA:1,(anonymous_0)
FNDA:5,(anonymous_1)
FNDA:4,(anonymous_2)
FNDA:0,(anonymous_3)
FNDA:4,(anonymous_4)
DA:1,1
DA:2,1
DA:3,1
DA:4,1
DA:5,1
DA:6,1
DA:7,1
DA:8,1
DA:9,1
DA:10,0
DA:13,1
DA:14,1
DA:16,1
DA:17,5
DA:19,4
DA:21,0
DA:23,4
DA:26,1
DA:27,4
DA:28,4
DA:32,1
DA:33,1
DA:35,1
LF:23
LH:21
BRDA:9,0,0,0
BRDA:9,0,1,1
BRDA:17,1,0,5
BRDA:17,1,1,5
BRDA:17,1,2,4
BRDA:27,2,0,4
BRDA:27,2,1,0
BRF:7
BRH:5
end_of_record
TN:
SF:app/models/postcategories.js
FN:4,(anonymous_0)
FNF:1
FNH:1
FNDA:1,(anonymous_0)
DA:1,1
DA:5,1
DA:6,1
DA:10,1
DA:59,1
LF:5
LH:5
BRF:0
BRH:0
end_of_record
TN:
SF:app/models/posts.js
FN:4,(anonymous_0)
FNF:1
FNH:1
FNDA:1,(anonymous_0)
DA:1,1
DA:5,1
DA:6,1
DA:10,1
DA:55,1
LF:5
LH:5
BRF:0
BRH:0
end_of_record
TN:
SF:app/models/users.js
FN:6,(anonymous_0)
FN:10,(anonymous_1)
FN:14,(anonymous_2)
FNF:3
FNH:3
FNDA:1,(anonymous_0)
FNDA:24,(anonymous_1)
FNDA:22,(anonymous_2)
DA:1,1
DA:2,1
DA:3,1
DA:7,1
DA:11,24
DA:15,22
DA:22,1
DA:59,1
LF:8
LH:8
BRF:0
BRH:0
end_of_record
TN:
SF:config/database.js
FN:10,(anonymous_0)
FN:20,(anonymous_1)
FNF:2
FNH:1
FNDA:60,(anonymous_0)
FNDA:0,(anonymous_1)
DA:1,1
DA:3,1
DA:11,60
LF:3
LH:3
BRF:0
BRH:0
end_of_record
